android/app/build/intermediates/manifest_merge_blame_file/release/processReleaseMainManifest/manifest-merger-blame-release-report.txt
1<?xml version="1.0" encoding="utf-8"?>
2<manifest xmlns:android="http://schemas.android.com/apk/res/android"
3    package="com.websocketchatapp"
4    android:versionCode="1"
5    android:versionName="1.0" >
6
7    <uses-sdk
8        android:minSdkVersion="23"
9        android:targetSdkVersion="34" />
10
11    <uses-permission android:name="android.permission.INTERNET" />
11-->src/main/AndroidManifest.xml:3:5-67
11-->src/main/AndroidManifest.xml:3:22-64
12    <uses-permission android:name="android.permission.RECORD_AUDIO" />
12-->src/main/AndroidManifest.xml:4:5-71
12-->src/main/AndroidManifest.xml:4:22-68
13    <uses-permission android:name="android.permission.WRITE_EXTERNAL_STORAGE" />
13-->[:react-native-audio-recorder-player] AndroidManifest.xml:8:5-81
13-->[:react-native-audio-recorder-player] AndroidManifest.xml:8:22-78
14    <uses-permission android:name="android.permission.READ_EXTERNAL_STORAGE" />
15
16    <permission
16-->[androidx.core:core:1.9.0] AndroidManifest.xml:22:5-24:47
17        android:name="com.websocketchatapp.DYNAMIC_RECEIVER_NOT_EXPORTED_PERMISSION"
17-->[androidx.core:core:1.9.0] AndroidManifest.xml:23:9-81
18        android:protectionLevel="signature" />
18-->[androidx.core:core:1.9.0] AndroidManifest.xml:24:9-44
19
20    <uses-permission android:name="com.websocketchatapp.DYNAMIC_RECEIVER_NOT_EXPORTED_PERMISSION" />
20-->[androidx.core:core:1.9.0] AndroidManifest.xml:26:5-97
20-->[androidx.core:core:1.9.0] AndroidManifest.xml:26:22-94
21
22    <application
22-->src/main/AndroidManifest.xml:6:5-26:19
23        android:name="com.websocketchatapp.MainApplication"
23-->src/main/AndroidManifest.xml:7:7-38
24        android:allowBackup="false"
24-->src/main/AndroidManifest.xml:11:7-34
25        android:appComponentFactory="androidx.core.app.CoreComponentFactory"
25-->[androidx.core:core:1.9.0] AndroidManifest.xml:28:18-86
26        android:extractNativeLibs="false"
27        android:icon="@mipmap/ic_launcher"
27-->src/main/AndroidManifest.xml:9:7-41
28        android:label="@string/app_name"
28-->src/main/AndroidManifest.xml:8:7-39
29        android:roundIcon="@mipmap/ic_launcher_round"
29-->src/main/AndroidManifest.xml:10:7-52
30        android:supportsRtl="true"
30-->src/main/AndroidManifest.xml:13:7-33
31        android:theme="@style/AppTheme" >
31-->src/main/AndroidManifest.xml:12:7-38
32        <activity
32-->src/main/AndroidManifest.xml:14:7-25:18
33            android:name="com.websocketchatapp.MainActivity"
33-->src/main/AndroidManifest.xml:15:9-37
34            android:configChanges="keyboard|keyboardHidden|orientation|screenLayout|screenSize|smallestScreenSize|uiMode"
34-->src/main/AndroidManifest.xml:17:9-118
35            android:exported="true"
35-->src/main/AndroidManifest.xml:20:9-32
36            android:label="@string/app_name"
36-->src/main/AndroidManifest.xml:16:9-41
37            android:launchMode="singleTask"
37-->src/main/AndroidManifest.xml:18:9-40
38            android:windowSoftInputMode="adjustResize" >
38-->src/main/AndroidManifest.xml:19:9-51
39            <intent-filter>
39-->src/main/AndroidManifest.xml:21:9-24:25
40                <action android:name="android.intent.action.MAIN" />
40-->src/main/AndroidManifest.xml:22:13-65
40-->src/main/AndroidManifest.xml:22:21-62
41
42                <category android:name="android.intent.category.LAUNCHER" />
42-->src/main/AndroidManifest.xml:23:13-73
42-->src/main/AndroidManifest.xml:23:23-70
43            </intent-filter>
44        </activity>
45
46        <service
46-->[:react-native-webrtc] AndroidManifest.xml:9:9-12:19
47            android:name="com.oney.WebRTCModule.MediaProjectionService"
47-->[:react-native-webrtc] AndroidManifest.xml:10:13-72
48            android:foregroundServiceType="mediaProjection" >
48-->[:react-native-webrtc] AndroidManifest.xml:11:13-60
49        </service>
50
51        <activity
51-->[com.google.android.gms:play-services-base:18.1.0] AndroidManifest.xml:20:9-22:45
52            android:name="com.google.android.gms.common.api.GoogleApiActivity"
52-->[com.google.android.gms:play-services-base:18.1.0] AndroidManifest.xml:20:19-85
53            android:exported="false"
53-->[com.google.android.gms:play-services-base:18.1.0] AndroidManifest.xml:22:19-43
54            android:theme="@android:style/Theme.Translucent.NoTitleBar" />
54-->[com.google.android.gms:play-services-base:18.1.0] AndroidManifest.xml:21:19-78
55
56        <meta-data
56-->[com.google.android.gms:play-services-basement:18.1.0] AndroidManifest.xml:21:9-23:69
57            android:name="com.google.android.gms.version"
57-->[com.google.android.gms:play-services-basement:18.1.0] AndroidManifest.xml:22:13-58
58            android:value="@integer/google_play_services_version" />
58-->[com.google.android.gms:play-services-basement:18.1.0] AndroidManifest.xml:23:13-66
59
60        <provider
60-->[androidx.emoji2:emoji2:1.2.0] AndroidManifest.xml:24:9-32:20
61            android:name="androidx.startup.InitializationProvider"
61-->[androidx.emoji2:emoji2:1.2.0] AndroidManifest.xml:25:13-67
62            android:authorities="com.websocketchatapp.androidx-startup"
62-->[androidx.emoji2:emoji2:1.2.0] AndroidManifest.xml:26:13-68
63            android:exported="false" >
63-->[androidx.emoji2:emoji2:1.2.0] AndroidManifest.xml:27:13-37
64            <meta-data
64-->[androidx.emoji2:emoji2:1.2.0] AndroidManifest.xml:29:13-31:52
65                android:name="androidx.emoji2.text.EmojiCompatInitializer"
65-->[androidx.emoji2:emoji2:1.2.0] AndroidManifest.xml:30:17-75
66                android:value="androidx.startup" />
66-->[androidx.emoji2:emoji2:1.2.0] AndroidManifest.xml:31:17-49
67            <meta-data
67-->[androidx.lifecycle:lifecycle-process:2.4.1] AndroidManifest.xml:31:13-33:52
68                android:name="androidx.lifecycle.ProcessLifecycleInitializer"
68-->[androidx.lifecycle:lifecycle-process:2.4.1] AndroidManifest.xml:32:17-78
69                android:value="androidx.startup" />
69-->[androidx.lifecycle:lifecycle-process:2.4.1] AndroidManifest.xml:33:17-49
70        </provider>
71
72        <meta-data
72-->[com.facebook.soloader:soloader:0.11.0] AndroidManifest.xml:12:9-14:37
73            android:name="com.facebook.soloader.enabled"
73-->[com.facebook.soloader:soloader:0.11.0] AndroidManifest.xml:13:13-57
74            android:value="false" />
74-->[com.facebook.soloader:soloader:0.11.0] AndroidManifest.xml:14:13-34
75    </application>
76
77</manifest>